srun: Job step aborted: Waiting up to 32 seconds for job step to finish.
slurmstepd: error: *** STEP 23271.1 ON n13 CANCELLED AT 2023-02-18T08:53:51 ***
slurmstepd: error: *** JOB 23271 ON n13 CANCELLED AT 2023-02-18T08:53:51 ***
